[2026-01-01 17:40:06] Matched unordered list item: 
  - 
[2026-01-01 17:40:06] Matched unordered list item: 
  - 
[2026-01-01 17:40:06] Matched unordered list item: 
  - 
[2026-01-01 17:40:06] Matched unordered list item: 
  - 
[2026-01-01 17:40:06] Matched unordered list item: 
  - 
[2026-01-01 17:40:06] Matched unordered list item: 
  - 
[2026-01-01 17:40:06] Matched unordered list item: 
  - 
[2026-01-01 17:40:06] Matched unordered list item: 
  - 
[2026-01-01 17:40:06] Matched unordered list item: 
  - 
[2026-01-01 17:40:06] Matched unordered list item: 
  - 
[2026-01-01 17:40:06] Matched unordered list item: 
  - 
[2026-01-01 17:40:06] Matched unordered list item: 
  - 
[2026-01-01 17:40:08] Viewport content unchanged, skipping update.
[2026-01-01 17:40:10] Viewport content unchanged, skipping update.
[2026-01-01 17:40:12] Viewport content unchanged, skipping update.
[2026-01-01 17:40:14] Viewport content unchanged, skipping update.
[2026-01-01 17:40:16] Viewport content unchanged, skipping update.
[2026-01-01 17:40:18] Viewport content unchanged, skipping update.
[2026-01-01 17:40:20] Viewport content unchanged, skipping update.
[2026-01-01 17:40:22] Viewport content unchanged, skipping update.
[2026-01-01 17:40:24] Viewport content unchanged, skipping update.
[2026-01-01 17:40:26] Viewport content unchanged, skipping update.
[2026-01-01 17:40:28] Viewport content unchanged, skipping update.
[2026-01-01 17:40:30] Viewport content unchanged, skipping update.
[2026-01-01 17:40:32] Viewport content unchanged, skipping update.
[2026-01-01 17:40:34] Viewport content unchanged, skipping update.
[2026-01-01 17:40:36] Viewport content unchanged, skipping update.
[2026-01-01 17:40:38] Viewport content unchanged, skipping update.
[2026-01-01 17:40:40] Viewport content unchanged, skipping update.
[2026-01-01 17:40:42] Viewport content unchanged, skipping update.
[2026-01-01 17:40:44] Viewport content unchanged, skipping update.
[2026-01-01 17:40:46] Viewport content unchanged, skipping update.
[2026-01-01 17:40:48] Viewport content unchanged, skipping update.
[2026-01-01 17:40:50] Viewport content unchanged, skipping update.
[2026-01-01 17:40:52] Viewport content unchanged, skipping update.
[2026-01-01 17:40:54] Viewport content unchanged, skipping update.
[2026-01-01 17:41:00] Matched unordered list item: 
  - 
[2026-01-01 17:41:00] Matched unordered list item: 
  - 
[2026-01-01 17:41:00] Matched unordered list item: 
  - 
[2026-01-01 17:41:00] Matched unordered list item: 
  - 
[2026-01-01 17:41:00] Matched unordered list item: 
  - 
[2026-01-01 17:41:00] Matched unordered list item: 
  - 
[2026-01-01 17:41:00] Matched unordered list item: 
  - 
[2026-01-01 17:41:00] Matched unordered list item: 
  - 
[2026-01-01 17:41:00] Matched unordered list item: 
  - 
[2026-01-01 17:41:00] Matched unordered list item: 
  - 
[2026-01-01 17:41:00] Matched unordered list item: 
  - 
[2026-01-01 17:41:00] Matched unordered list item: 
  - 
[2026-01-01 17:41:00]                    
[2026-01-01 17:41:02] Viewport content unchanged, skipping update.
[2026-01-01 17:41:04] Viewport content unchanged, skipping update.
[2026-01-01 17:41:06] Viewport content unchanged, skipping update.
[2026-01-01 17:41:08] Viewport content unchanged, skipping update.
[2026-01-01 17:41:10] Viewport content unchanged, skipping update.
[2026-01-01 17:41:12] Viewport content unchanged, skipping update.
[2026-01-01 17:41:14] Viewport content unchanged, skipping update.
[2026-01-01 17:41:16] Viewport content unchanged, skipping update.
[2026-01-01 17:41:18] Viewport content unchanged, skipping update.
[2026-01-01 17:41:20] Viewport content unchanged, skipping update.
[2026-01-01 17:41:22] Viewport content unchanged, skipping update.
[2026-01-01 17:41:24] Viewport content unchanged, skipping update.
[2026-01-01 17:41:26] Viewport content unchanged, skipping update.
[2026-01-01 17:41:28] Viewport content unchanged, skipping update.
[2026-01-01 17:41:30] Viewport content unchanged, skipping update.
[2026-01-01 17:41:32] Viewport content unchanged, skipping update.
[2026-01-01 17:41:34] Viewport content unchanged, skipping update.
[2026-01-01 17:41:36] Viewport content unchanged, skipping update.
[2026-01-01 17:41:38] Viewport content unchanged, skipping update.
[2026-01-01 17:41:40] Viewport content unchanged, skipping update.
[2026-01-01 17:41:42] Viewport content unchanged, skipping update.
[2026-01-01 17:41:44] Viewport content unchanged, skipping update.
[2026-01-01 17:41:46] Viewport content unchanged, skipping update.
[2026-01-01 17:41:48] Viewport content unchanged, skipping update.
[2026-01-01 17:41:50] Viewport content unchanged, skipping update.
[2026-01-01 17:41:52] Viewport content unchanged, skipping update.
[2026-01-01 17:41:54] Viewport content unchanged, skipping update.
[2026-01-01 17:41:56] Viewport content unchanged, skipping update.
[2026-01-01 17:41:58] Viewport content unchanged, skipping update.
[2026-01-01 17:42:00] Viewport content unchanged, skipping update.
[2026-01-01 17:42:02] Viewport content unchanged, skipping update.
[2026-01-01 17:42:04] Viewport content unchanged, skipping update.
[2026-01-01 17:42:06] Viewport content unchanged, skipping update.
[2026-01-01 17:42:08] Viewport content unchanged, skipping update.
[2026-01-01 17:42:10] Viewport content unchanged, skipping update.
[2026-01-01 17:42:12] Viewport content unchanged, skipping update.
[2026-01-01 17:42:14] Viewport content unchanged, skipping update.
[2026-01-01 17:42:16] Viewport content unchanged, skipping update.
[2026-01-01 17:42:18] Viewport content unchanged, skipping update.
[2026-01-01 17:42:20] Viewport content unchanged, skipping update.
[2026-01-01 17:42:22] Viewport content unchanged, skipping update.
[2026-01-01 17:42:24] Viewport content unchanged, skipping update.
[2026-01-01 17:42:26] Viewport content unchanged, skipping update.
[2026-01-01 17:42:28] Viewport content unchanged, skipping update.
[2026-01-01 17:42:30] Viewport content unchanged, skipping update.
[2026-01-01 17:42:32] Viewport content unchanged, skipping update.
[2026-01-01 17:42:34] Viewport content unchanged, skipping update.
[2026-01-01 17:42:36] Viewport content unchanged, skipping update.
[2026-01-01 17:42:38] Viewport content unchanged, skipping update.
[2026-01-01 17:42:40] Viewport content unchanged, skipping update.
[2026-01-01 17:42:42] Viewport content unchanged, skipping update.
[2026-01-01 17:42:44] Viewport content unchanged, skipping update.
[2026-01-01 17:42:46] Viewport content unchanged, skipping update.
[2026-01-01 17:42:48] Viewport content unchanged, skipping update.
[2026-01-01 17:42:50] Viewport content unchanged, skipping update.
[2026-01-01 17:42:52] Viewport content unchanged, skipping update.
[2026-01-01 17:42:54] Viewport content unchanged, skipping update.
[2026-01-01 17:42:56] Viewport content unchanged, skipping update.
[2026-01-01 17:42:58] Viewport content unchanged, skipping update.
[2026-01-01 17:43:00] Viewport content unchanged, skipping update.
[2026-01-01 17:43:02] Viewport content unchanged, skipping update.
[2026-01-01 17:43:04] Viewport content unchanged, skipping update.
[2026-01-01 17:43:06] Viewport content unchanged, skipping update.
[2026-01-01 17:43:08] Viewport content unchanged, skipping update.
[2026-01-01 17:43:10] Viewport content unchanged, skipping update.
[2026-01-01 17:43:12] Viewport content unchanged, skipping update.
[2026-01-01 17:43:14] Viewport content unchanged, skipping update.
[2026-01-01 17:43:16] Viewport content unchanged, skipping update.
[2026-01-01 17:43:18] Viewport content unchanged, skipping update.
[2026-01-01 17:43:20] Viewport content unchanged, skipping update.
[2026-01-01 17:43:22] Viewport content unchanged, skipping update.
[2026-01-01 17:43:24] Viewport content unchanged, skipping update.
[2026-01-01 17:43:26] Viewport content unchanged, skipping update.
[2026-01-01 17:43:28] Viewport content unchanged, skipping update.
[2026-01-01 17:43:30] Viewport content unchanged, skipping update.
[2026-01-01 17:43:32] Viewport content unchanged, skipping update.
[2026-01-01 17:43:34] Viewport content unchanged, skipping update.
[2026-01-01 17:43:36] Viewport content unchanged, skipping update.
[2026-01-01 17:43:38] Viewport content unchanged, skipping update.
[2026-01-01 17:43:40] Viewport content unchanged, skipping update.
[2026-01-01 17:43:42] Viewport content unchanged, skipping update.
[2026-01-01 17:43:44] Viewport content unchanged, skipping update.
[2026-01-01 17:43:46] Viewport content unchanged, skipping update.
[2026-01-01 17:43:48] Viewport content unchanged, skipping update.
[2026-01-01 17:43:50] Viewport content unchanged, skipping update.
[2026-01-01 17:43:52] Viewport content unchanged, skipping update.
[2026-01-01 17:43:54] Viewport content unchanged, skipping update.
[2026-01-01 17:43:56] Viewport content unchanged, skipping update.
[2026-01-01 17:43:58] Viewport content unchanged, skipping update.
[2026-01-01 17:44:00] Viewport content unchanged, skipping update.
[2026-01-01 17:44:02] Viewport content unchanged, skipping update.
[2026-01-01 17:44:04] Viewport content unchanged, skipping update.
[2026-01-01 17:44:06] Viewport content unchanged, skipping update.
[2026-01-01 17:44:08] Viewport content unchanged, skipping update.
[2026-01-01 17:44:10] Viewport content unchanged, skipping update.
[2026-01-01 17:44:12] Viewport content unchanged, skipping update.
[2026-01-01 17:44:14] Viewport content unchanged, skipping update.
[2026-01-01 17:44:16] Viewport content unchanged, skipping update.
[2026-01-01 17:44:18] Viewport content unchanged, skipping update.
[2026-01-01 17:44:20] Viewport content unchanged, skipping update.
[2026-01-01 17:44:22] Viewport content unchanged, skipping update.
[2026-01-01 17:44:24] Viewport content unchanged, skipping update.
[2026-01-01 17:44:26] Viewport content unchanged, skipping update.
[2026-01-01 17:44:28] Viewport content unchanged, skipping update.
[2026-01-01 17:44:32] Matched unordered list item: 
  - 
[2026-01-01 17:44:32] Matched unordered list item: 
  - 
[2026-01-01 17:44:32] Matched unordered list item: 
  - 
[2026-01-01 17:44:32] Matched unordered list item: 
  - 
[2026-01-01 17:44:32] Matched unordered list item: 
  - 
[2026-01-01 17:44:32] Matched unordered list item: 
  - 
[2026-01-01 17:44:32] Matched unordered list item: 
  - 
[2026-01-01 17:44:32] Matched unordered list item: 
  - 
[2026-01-01 17:44:32] Matched unordered list item: 
  - 
[2026-01-01 17:44:32] Matched unordered list item: 
  - 
[2026-01-01 17:44:32] Matched unordered list item: 
  - 
[2026-01-01 17:44:32] Matched unordered list item: 
  - 
[2026-01-01 17:44:32] ./.ludwig/responses/9ee4b27c-e96b-4c10-b56a-1dd1cc822b05-20251231-185015.md
[2026-01-01 17:44:34] Viewport content unchanged, skipping update.
[2026-01-01 17:44:36] Viewport content unchanged, skipping update.
[2026-01-01 17:44:38] Viewport content unchanged, skipping update.
[2026-01-01 17:44:40] Viewport content unchanged, skipping update.
[2026-01-01 17:44:42] Viewport content unchanged, skipping update.
[2026-01-01 17:44:44] Viewport content unchanged, skipping update.
[2026-01-01 17:44:46] Viewport content unchanged, skipping update.
[2026-01-01 17:44:48] Viewport content unchanged, skipping update.
[2026-01-01 17:44:50] Viewport content unchanged, skipping update.
[2026-01-01 17:44:52] Viewport content unchanged, skipping update.
[2026-01-01 17:44:54] Viewport content unchanged, skipping update.
[2026-01-01 17:44:56] Viewport content unchanged, skipping update.
[2026-01-01 17:44:58] Viewport content unchanged, skipping update.
[2026-01-01 17:45:00] Viewport content unchanged, skipping update.
[2026-01-01 17:45:02] Viewport content unchanged, skipping update.
[2026-01-01 17:45:04] Viewport content unchanged, skipping update.
[2026-01-01 17:45:06] Viewport content unchanged, skipping update.
[2026-01-01 17:45:08] Viewport content unchanged, skipping update.
[2026-01-01 17:45:10] Viewport content unchanged, skipping update.
[2026-01-01 17:45:12] Viewport content unchanged, skipping update.
[2026-01-01 17:45:14] Viewport content unchanged, skipping update.
[2026-01-01 17:45:16] Viewport content unchanged, skipping update.
[2026-01-01 17:45:18] Viewport content unchanged, skipping update.
[2026-01-01 17:45:20] Viewport content unchanged, skipping update.
[2026-01-01 17:45:22] Viewport content unchanged, skipping update.
[2026-01-01 17:45:24] Viewport content unchanged, skipping update.
[2026-01-01 17:45:26] Viewport content unchanged, skipping update.
[2026-01-01 17:45:28] Viewport content unchanged, skipping update.
[2026-01-01 17:45:30] Viewport content unchanged, skipping update.
[2026-01-01 17:45:32] Viewport content unchanged, skipping update.
[2026-01-01 17:45:34] Viewport content unchanged, skipping update.
[2026-01-01 17:45:36] Viewport content unchanged, skipping update.
[2026-01-01 17:45:38] Viewport content unchanged, skipping update.
[2026-01-01 17:45:40] Viewport content unchanged, skipping update.
[2026-01-01 17:45:42] Viewport content unchanged, skipping update.
[2026-01-01 17:45:44] Viewport content unchanged, skipping update.
[2026-01-01 17:45:46] Viewport content unchanged, skipping update.
[2026-01-01 17:45:48] Viewport content unchanged, skipping update.
[2026-01-01 17:45:50] Viewport content unchanged, skipping update.
[2026-01-01 17:45:52] Viewport content unchanged, skipping update.
[2026-01-01 17:45:54] Viewport content unchanged, skipping update.
[2026-01-01 17:45:56] Viewport content unchanged, skipping update.
[2026-01-01 17:45:58] Viewport content unchanged, skipping update.
[2026-01-01 17:46:00] Viewport content unchanged, skipping update.
[2026-01-01 17:46:02] Viewport content unchanged, skipping update.
[2026-01-01 17:46:04] Viewport content unchanged, skipping update.
[2026-01-01 17:46:06] Viewport content unchanged, skipping update.
[2026-01-01 17:46:08] Viewport content unchanged, skipping update.
[2026-01-01 17:46:10] Viewport content unchanged, skipping update.
[2026-01-01 17:46:12] Viewport content unchanged, skipping update.
[2026-01-01 17:46:14] Viewport content unchanged, skipping update.
[2026-01-01 17:46:16] Viewport content unchanged, skipping update.
[2026-01-01 17:46:18] Viewport content unchanged, skipping update.
[2026-01-01 17:46:20] Viewport content unchanged, skipping update.
[2026-01-01 17:46:22] Viewport content unchanged, skipping update.
[2026-01-01 17:46:24] Viewport content unchanged, skipping update.
[2026-01-01 17:46:26] Viewport content unchanged, skipping update.
[2026-01-01 17:46:28] Viewport content unchanged, skipping update.
[2026-01-01 17:46:30] Viewport content unchanged, skipping update.
[2026-01-01 17:46:32] Viewport content unchanged, skipping update.
[2026-01-01 17:46:34] Viewport content unchanged, skipping update.
[2026-01-01 17:46:36] Viewport content unchanged, skipping update.
[2026-01-01 17:46:38] Viewport content unchanged, skipping update.
[2026-01-01 17:46:40] Viewport content unchanged, skipping update.
[2026-01-01 17:46:42] Viewport content unchanged, skipping update.
[2026-01-01 17:46:44] Viewport content unchanged, skipping update.
[2026-01-01 17:46:46] Viewport content unchanged, skipping update.
[2026-01-01 17:46:48] Viewport content unchanged, skipping update.
[2026-01-01 17:46:50] Viewport content unchanged, skipping update.
[2026-01-01 17:46:52] Viewport content unchanged, skipping update.
[2026-01-01 17:46:54] Viewport content unchanged, skipping update.
[2026-01-01 17:46:56] Viewport content unchanged, skipping update.
[2026-01-01 17:46:58] Viewport content unchanged, skipping update.
[2026-01-01 17:47:00] Viewport content unchanged, skipping update.
[2026-01-01 17:47:02] Viewport content unchanged, skipping update.
[2026-01-01 17:47:04] Viewport content unchanged, skipping update.
[2026-01-01 17:47:06] Viewport content unchanged, skipping update.
[2026-01-01 17:47:08] Viewport content unchanged, skipping update.
[2026-01-01 17:47:10] Viewport content unchanged, skipping update.
[2026-01-01 17:47:12] Viewport content unchanged, skipping update.
[2026-01-01 17:47:14] Viewport content unchanged, skipping update.
[2026-01-01 17:47:16] Viewport content unchanged, skipping update.
[2026-01-01 17:47:18] Viewport content unchanged, skipping update.
[2026-01-01 17:47:20] Viewport content unchanged, skipping update.
[2026-01-01 17:47:24] Matched unordered list item: 
  - 
[2026-01-01 17:47:24] Matched unordered list item: 
  - 
[2026-01-01 17:47:24] Matched unordered list item: 
  - 
[2026-01-01 17:47:24] Matched unordered list item: 
  - 
[2026-01-01 17:47:24] Matched unordered list item: 
  - 
[2026-01-01 17:47:24] Matched unordered list item: 
  - 
[2026-01-01 17:47:24] Matched unordered list item: 
  - 
[2026-01-01 17:47:24] Matched unordered list item: 
  - 
[2026-01-01 17:47:24] Matched unordered list item: 
  - 
[2026-01-01 17:47:24] Matched unordered list item: 
  - 
[2026-01-01 17:47:24] Matched unordered list item: 
  - 
[2026-01-01 17:47:24] Matched unordered list item: 
  - 
[2026-01-01 17:47:24] ./.ludwig/responses/9ee4b27c-e96b-4c10-b56a-1dd1cc822b05-20251231-185015.md
[2026-01-01 17:47:26] Viewport content unchanged, skipping update.
[2026-01-01 17:47:28] Viewport content unchanged, skipping update.
[2026-01-01 17:47:30] Viewport content unchanged, skipping update.
[2026-01-01 17:51:17] Matched unordered list item: 
  - 
[2026-01-01 17:51:17] Matched unordered list item: 
  - 
[2026-01-01 17:51:17] Matched unordered list item: 
  - 
[2026-01-01 17:51:17] Matched unordered list item: 
  - 
[2026-01-01 17:51:17] Matched unordered list item: 
  - 
[2026-01-01 17:51:17] Matched unordered list item: 
  - 
[2026-01-01 17:51:17] Matched unordered list item: 
  - 
[2026-01-01 17:51:17] Matched unordered list item: 
  - 
[2026-01-01 17:51:17] Matched unordered list item: 
  - 
[2026-01-01 17:51:17] Matched unordered list item: 
  - 
[2026-01-01 17:51:17] Matched unordered list item: 
  - 
[2026-01-01 17:51:17] Matched unordered list item: 
  - 
[2026-01-01 17:51:17] ./.ludwig/responses/9ee4b27c-e96b-4c10-b56a-1dd1cc822b05-20251231-185015.md
[2026-01-01 17:51:19] Viewport content unchanged, skipping update.
[2026-01-01 17:51:21] Viewport content unchanged, skipping update.
[2026-01-01 17:51:23] Viewport content unchanged, skipping update.
[2026-01-01 17:51:25] Viewport content unchanged, skipping update.
[2026-01-01 17:51:27] Viewport content unchanged, skipping update.
[2026-01-01 17:51:29] Viewport content unchanged, skipping update.
[2026-01-01 17:51:31] Viewport content unchanged, skipping update.
[2026-01-01 17:51:33] Viewport content unchanged, skipping update.
[2026-01-01 17:51:35] Viewport content unchanged, skipping update.
[2026-01-01 17:51:37] Viewport content unchanged, skipping update.
[2026-01-01 17:51:39] Viewport content unchanged, skipping update.
[2026-01-01 17:51:41] Viewport content unchanged, skipping update.
[2026-01-01 17:51:43] Viewport content unchanged, skipping update.
[2026-01-01 17:51:45] Viewport content unchanged, skipping update.
[2026-01-01 17:51:47] Viewport content unchanged, skipping update.
[2026-01-01 17:51:49] Viewport content unchanged, skipping update.
[2026-01-01 17:51:51] Viewport content unchanged, skipping update.
[2026-01-01 17:51:53] Viewport content unchanged, skipping update.
[2026-01-01 17:51:55] Viewport content unchanged, skipping update.
[2026-01-01 17:51:57] Viewport content unchanged, skipping update.
[2026-01-01 17:51:59] Viewport content unchanged, skipping update.
[2026-01-01 17:52:01] Viewport content unchanged, skipping update.
[2026-01-01 17:52:03] Viewport content unchanged, skipping update.
[2026-01-01 17:52:05] Viewport content unchanged, skipping update.
[2026-01-01 17:52:07] Viewport content unchanged, skipping update.
[2026-01-01 17:52:09] Viewport content unchanged, skipping update.
[2026-01-01 17:52:11] Viewport content unchanged, skipping update.
[2026-01-01 17:52:13] Viewport content unchanged, skipping update.
[2026-01-01 17:52:15] Viewport content unchanged, skipping update.
[2026-01-01 17:52:17] Viewport content unchanged, skipping update.
[2026-01-01 17:52:19] Viewport content unchanged, skipping update.
[2026-01-01 17:52:21] Viewport content unchanged, skipping update.
[2026-01-01 17:52:23] Viewport content unchanged, skipping update.
[2026-01-01 17:52:25] Viewport content unchanged, skipping update.
[2026-01-01 17:52:27] Viewport content unchanged, skipping update.
[2026-01-01 17:52:29] Viewport content unchanged, skipping update.
[2026-01-01 17:52:31] Viewport content unchanged, skipping update.
[2026-01-01 17:52:33] Viewport content unchanged, skipping update.
[2026-01-01 17:52:35] Viewport content unchanged, skipping update.
[2026-01-01 17:52:37] Viewport content unchanged, skipping update.
[2026-01-01 17:52:39] Viewport content unchanged, skipping update.
[2026-01-01 17:52:41] Viewport content unchanged, skipping update.
[2026-01-01 17:52:43] Viewport content unchanged, skipping update.
[2026-01-01 17:52:45] Viewport content unchanged, skipping update.
[2026-01-01 17:52:47] Viewport content unchanged, skipping update.
[2026-01-01 17:52:49] Viewport content unchanged, skipping update.
[2026-01-01 17:52:51] Viewport content unchanged, skipping update.
